{"uid":"2be42975320d13aa","name":"User has been locked out","fullName":"src/test/features/Login.feature:12","historyId":"19454b2f5aa4b6c7efb52e0f44bd59f4","time":{"start":1738933778427,"stop":1738933786868,"duration":8441},"status":"broken","statusMessage":"Could not start a new session. Response code 500. Message: session not created: Chrome failed to start: exited normally.\n  (session not created: DevToolsActivePort file doesn't exist)\n  (The process started from chrome location /home/runner/.cache/selenium/chrome/linux64/121.0.6167.184/chrome is no longer running, so ChromeDriver is assuming that Chrome has crashed.) \nHost info: host: 'fv-az1283-267', ip: '10.1.0.214'\nBuild info: version: '4.16.1', revision: '9b4c83354e'\nSystem info: os.name: 'Linux', os.arch: 'amd64', os.version: '6.8.0-1020-azure', java.version: '11.0.26'\nDriver info: org.openqa.selenium.chrome.ChromeDriver\nCommand: [null, newSession {capabilities=[Capabilities {browserName: chrome, goog:chromeOptions: {args: [--headless], binary: /home/runner/.cache/seleniu..., extensions: []}}]}]","statusTrace":"org.openqa.selenium.SessionNotCreatedException: Could not start a new session. Response code 500. Message: session not created: Chrome failed to start: exited normally.\n  (session not created: DevToolsActivePort file doesn't exist)\n  (The process started from chrome location /home/runner/.cache/selenium/chrome/linux64/121.0.6167.184/chrome is no longer running, so ChromeDriver is assuming that Chrome has crashed.) \nHost info: host: 'fv-az1283-267', ip: '10.1.0.214'\nBuild info: version: '4.16.1', revision: '9b4c83354e'\nSystem info: os.name: 'Linux', os.arch: 'amd64', os.version: '6.8.0-1020-azure', java.version: '11.0.26'\nDriver info: org.openqa.selenium.chrome.ChromeDriver\nCommand: [null, newSession {capabilities=[Capabilities {browserName: chrome, goog:chromeOptions: {args: [--headless], binary: /home/runner/.cache/seleniu..., extensions: []}}]}]\n\tat org.openqa.selenium.remote.ProtocolHandshake.createSession(ProtocolHandshake.java:140)\n\tat org.openqa.selenium.remote.ProtocolHandshake.createSession(ProtocolHandshake.java:96)\n\tat org.openqa.selenium.remote.ProtocolHandshake.createSession(ProtocolHandshake.java:68)\n\tat org.openqa.selenium.remote.HttpCommandExecutor.execute(HttpCommandExecutor.java:163)\n\tat org.openqa.selenium.remote.service.DriverCommandExecutor.invokeExecute(DriverCommandExecutor.java:200)\n\tat org.openqa.selenium.remote.service.DriverCommandExecutor.execute(DriverCommandExecutor.java:175)\n\tat org.openqa.selenium.remote.RemoteWebDriver.execute(RemoteWebDriver.java:523)\n\tat org.openqa.selenium.remote.RemoteWebDriver.startSession(RemoteWebDriver.java:237)\n\tat org.openqa.selenium.remote.RemoteWebDriver.<init>(RemoteWebDriver.java:164)\n\tat org.openqa.selenium.chromium.ChromiumDriver.<init>(ChromiumDriver.java:114)\n\tat org.openqa.selenium.chrome.ChromeDriver.<init>(ChromeDriver.java:89)\n\tat org.openqa.selenium.chrome.ChromeDriver.<init>(ChromeDriver.java:84)\n\tat org.openqa.selenium.chrome.ChromeDriver.<init>(ChromeDriver.java:73)\n\tat mail.harshitkumarvermaAtgmail.com.utils.SeleniumHelper.<init>(SeleniumHelper.java:21)\n\tat mail.harshitkumarvermaAtgmail.com.utils.SeleniumHelper.getWebDriver(SeleniumHelper.java:29)\n\tat mail.harshitkumarvermaAtgmail.com.utils.SeleniumHelper.openURL(SeleniumHelper.java:41)\n\tat mail.harshitkumarvermaAtgmail.com.stepdef.StepDefinitions.givenUserNavigatesToTheLoginPage(StepDefinitions.java:12)\n\tat ✽.User navigates to the login page(file:///home/runner/work/AutomationSuite/AutomationSuite/src/test/features/Login.feature:13)\n","flaky":false,"newFailed":false,"newBroken":true,"newPassed":false,"retriesCount":0,"retriesStatusChange":false,"beforeStages":[{"name":"mail.harshitkumarvermaAtgmail.com.utils.ScenarioHelper.beforeScenario(io.cucumber.java.Scenario)","time":{"start":1738933778428,"stop":1738933778429,"duration":1},"status":"passed","steps":[],"attachments":[],"parameters":[],"shouldDisplayMessage":false,"stepsCount":0,"attachmentsCount":0,"hasContent":false}],"testStage":{"status":"broken","statusMessage":"Could not start a new session. Response code 500. Message: session not created: Chrome failed to start: exited normally.\n  (session not created: DevToolsActivePort file doesn't exist)\n  (The process started from chrome location /home/runner/.cache/selenium/chrome/linux64/121.0.6167.184/chrome is no longer running, so ChromeDriver is assuming that Chrome has crashed.) \nHost info: host: 'fv-az1283-267', ip: '10.1.0.214'\nBuild info: version: '4.16.1', revision: '9b4c83354e'\nSystem info: os.name: 'Linux', os.arch: 'amd64', os.version: '6.8.0-1020-azure', java.version: '11.0.26'\nDriver info: org.openqa.selenium.chrome.ChromeDriver\nCommand: [null, newSession {capabilities=[Capabilities {browserName: chrome, goog:chromeOptions: {args: [--headless], binary: /home/runner/.cache/seleniu..., extensions: []}}]}]","statusTrace":"org.openqa.selenium.SessionNotCreatedException: Could not start a new session. Response code 500. Message: session not created: Chrome failed to start: exited normally.\n  (session not created: DevToolsActivePort file doesn't exist)\n  (The process started from chrome location /home/runner/.cache/selenium/chrome/linux64/121.0.6167.184/chrome is no longer running, so ChromeDriver is assuming that Chrome has crashed.) \nHost info: host: 'fv-az1283-267', ip: '10.1.0.214'\nBuild info: version: '4.16.1', revision: '9b4c83354e'\nSystem info: os.name: 'Linux', os.arch: 'amd64', os.version: '6.8.0-1020-azure', java.version: '11.0.26'\nDriver info: org.openqa.selenium.chrome.ChromeDriver\nCommand: [null, newSession {capabilities=[Capabilities {browserName: chrome, goog:chromeOptions: {args: [--headless], binary: /home/runner/.cache/seleniu..., extensions: []}}]}]\n\tat org.openqa.selenium.remote.ProtocolHandshake.createSession(ProtocolHandshake.java:140)\n\tat org.openqa.selenium.remote.ProtocolHandshake.createSession(ProtocolHandshake.java:96)\n\tat org.openqa.selenium.remote.ProtocolHandshake.createSession(ProtocolHandshake.java:68)\n\tat org.openqa.selenium.remote.HttpCommandExecutor.execute(HttpCommandExecutor.java:163)\n\tat org.openqa.selenium.remote.service.DriverCommandExecutor.invokeExecute(DriverCommandExecutor.java:200)\n\tat org.openqa.selenium.remote.service.DriverCommandExecutor.execute(DriverCommandExecutor.java:175)\n\tat org.openqa.selenium.remote.RemoteWebDriver.execute(RemoteWebDriver.java:523)\n\tat org.openqa.selenium.remote.RemoteWebDriver.startSession(RemoteWebDriver.java:237)\n\tat org.openqa.selenium.remote.RemoteWebDriver.<init>(RemoteWebDriver.java:164)\n\tat org.openqa.selenium.chromium.ChromiumDriver.<init>(ChromiumDriver.java:114)\n\tat org.openqa.selenium.chrome.ChromeDriver.<init>(ChromeDriver.java:89)\n\tat org.openqa.selenium.chrome.ChromeDriver.<init>(ChromeDriver.java:84)\n\tat org.openqa.selenium.chrome.ChromeDriver.<init>(ChromeDriver.java:73)\n\tat mail.harshitkumarvermaAtgmail.com.utils.SeleniumHelper.<init>(SeleniumHelper.java:21)\n\tat mail.harshitkumarvermaAtgmail.com.utils.SeleniumHelper.getWebDriver(SeleniumHelper.java:29)\n\tat mail.harshitkumarvermaAtgmail.com.utils.SeleniumHelper.openURL(SeleniumHelper.java:41)\n\tat mail.harshitkumarvermaAtgmail.com.stepdef.StepDefinitions.givenUserNavigatesToTheLoginPage(StepDefinitions.java:12)\n\tat ✽.User navigates to the login page(file:///home/runner/work/AutomationSuite/AutomationSuite/src/test/features/Login.feature:13)\n","steps":[{"name":"Given  User navigates to the login page","time":{"start":1738933778430,"stop":1738933782687,"duration":4257},"status":"broken","statusMessage":"Could not start a new session. Response code 500. Message: session not created: Chrome failed to start: exited normally.\n  (session not created: DevToolsActivePort file doesn't exist)\n  (The process started from chrome location /home/runner/.cache/selenium/chrome/linux64/121.0.6167.184/chrome is no longer running, so ChromeDriver is assuming that Chrome has crashed.) \nHost info: host: 'fv-az1283-267', ip: '10.1.0.214'\nBuild info: version: '4.16.1', revision: '9b4c83354e'\nSystem info: os.name: 'Linux', os.arch: 'amd64', os.version: '6.8.0-1020-azure', java.version: '11.0.26'\nDriver info: org.openqa.selenium.chrome.ChromeDriver\nCommand: [null, newSession {capabilities=[Capabilities {browserName: chrome, goog:chromeOptions: {args: [--headless], binary: /home/runner/.cache/seleniu..., extensions: []}}]}]","statusTrace":"org.openqa.selenium.SessionNotCreatedException: Could not start a new session. Response code 500. Message: session not created: Chrome failed to start: exited normally.\n  (session not created: DevToolsActivePort file doesn't exist)\n  (The process started from chrome location /home/runner/.cache/selenium/chrome/linux64/121.0.6167.184/chrome is no longer running, so ChromeDriver is assuming that Chrome has crashed.) \nHost info: host: 'fv-az1283-267', ip: '10.1.0.214'\nBuild info: version: '4.16.1', revision: '9b4c83354e'\nSystem info: os.name: 'Linux', os.arch: 'amd64', os.version: '6.8.0-1020-azure', java.version: '11.0.26'\nDriver info: org.openqa.selenium.chrome.ChromeDriver\nCommand: [null, newSession {capabilities=[Capabilities {browserName: chrome, goog:chromeOptions: {args: [--headless], binary: /home/runner/.cache/seleniu..., extensions: []}}]}]\n\tat org.openqa.selenium.remote.ProtocolHandshake.createSession(ProtocolHandshake.java:140)\n\tat org.openqa.selenium.remote.ProtocolHandshake.createSession(ProtocolHandshake.java:96)\n\tat org.openqa.selenium.remote.ProtocolHandshake.createSession(ProtocolHandshake.java:68)\n\tat org.openqa.selenium.remote.HttpCommandExecutor.execute(HttpCommandExecutor.java:163)\n\tat org.openqa.selenium.remote.service.DriverCommandExecutor.invokeExecute(DriverCommandExecutor.java:200)\n\tat org.openqa.selenium.remote.service.DriverCommandExecutor.execute(DriverCommandExecutor.java:175)\n\tat org.openqa.selenium.remote.RemoteWebDriver.execute(RemoteWebDriver.java:523)\n\tat org.openqa.selenium.remote.RemoteWebDriver.startSession(RemoteWebDriver.java:237)\n\tat org.openqa.selenium.remote.RemoteWebDriver.<init>(RemoteWebDriver.java:164)\n\tat org.openqa.selenium.chromium.ChromiumDriver.<init>(ChromiumDriver.java:114)\n\tat org.openqa.selenium.chrome.ChromeDriver.<init>(ChromeDriver.java:89)\n\tat org.openqa.selenium.chrome.ChromeDriver.<init>(ChromeDriver.java:84)\n\tat org.openqa.selenium.chrome.ChromeDriver.<init>(ChromeDriver.java:73)\n\tat mail.harshitkumarvermaAtgmail.com.utils.SeleniumHelper.<init>(SeleniumHelper.java:21)\n\tat mail.harshitkumarvermaAtgmail.com.utils.SeleniumHelper.getWebDriver(SeleniumHelper.java:29)\n\tat mail.harshitkumarvermaAtgmail.com.utils.SeleniumHelper.openURL(SeleniumHelper.java:41)\n\tat mail.harshitkumarvermaAtgmail.com.stepdef.StepDefinitions.givenUserNavigatesToTheLoginPage(StepDefinitions.java:12)\n\tat ✽.User navigates to the login page(file:///home/runner/work/AutomationSuite/AutomationSuite/src/test/features/Login.feature:13)\n","steps":[],"attachments":[],"parameters":[],"shouldDisplayMessage":true,"stepsCount":0,"attachmentsCount":0,"hasContent":true},{"name":"And  User Enters \"username\" in field \"HomePageLocators.userName\"","time":{"start":1738933786857,"stop":1738933786858,"duration":1},"status":"skipped","steps":[],"attachments":[],"parameters":[],"shouldDisplayMessage":false,"stepsCount":0,"attachmentsCount":0,"hasContent":false},{"name":"Then  User Enters \"password\" in field \"HomePageLocators.password\"","time":{"start":1738933786860,"stop":1738933786861,"duration":1},"status":"skipped","steps":[],"attachments":[],"parameters":[],"shouldDisplayMessage":false,"stepsCount":0,"attachmentsCount":0,"hasContent":false},{"name":"Then  User Clicks on \"HomePageLocators.loginButton\"","time":{"start":1738933786862,"stop":1738933786862,"duration":0},"status":"skipped","steps":[],"attachments":[],"parameters":[],"shouldDisplayMessage":false,"stepsCount":0,"attachmentsCount":0,"hasContent":false},{"name":"Then  User verifies \"Epic sadface: Sorry, this user has been locked out.\" text is present at \"HomePageLocators.lockedOut\"","time":{"start":1738933786863,"stop":1738933786864,"duration":1},"status":"skipped","steps":[],"attachments":[],"parameters":[],"shouldDisplayMessage":false,"stepsCount":0,"attachmentsCount":0,"hasContent":false}],"attachments":[],"parameters":[],"shouldDisplayMessage":false,"stepsCount":5,"attachmentsCount":0,"hasContent":true},"afterStages":[{"name":"mail.harshitkumarvermaAtgmail.com.stepdef.Hooks.afterStep(io.cucumber.java.Scenario)","time":{"start":1738933782689,"stop":1738933786856,"duration":4167},"status":"passed","steps":[],"attachments":[],"parameters":[],"shouldDisplayMessage":false,"stepsCount":0,"attachmentsCount":0,"hasContent":false},{"name":"mail.harshitkumarvermaAtgmail.com.stepdef.Hooks.afterStep(io.cucumber.java.Scenario)","time":{"start":1738933786860,"stop":1738933786860,"duration":0},"status":"skipped","statusMessage":"AFTER_STEP is failed.","steps":[],"attachments":[],"parameters":[],"shouldDisplayMessage":true,"stepsCount":0,"attachmentsCount":0,"hasContent":true},{"name":"mail.harshitkumarvermaAtgmail.com.stepdef.Hooks.afterStep(io.cucumber.java.Scenario)","time":{"start":1738933786861,"stop":1738933786861,"duration":0},"status":"skipped","statusMessage":"AFTER_STEP is failed.","steps":[],"attachments":[],"parameters":[],"shouldDisplayMessage":true,"stepsCount":0,"attachmentsCount":0,"hasContent":true},{"name":"mail.harshitkumarvermaAtgmail.com.stepdef.Hooks.afterStep(io.cucumber.java.Scenario)","time":{"start":1738933786862,"stop":1738933786863,"duration":1},"status":"skipped","statusMessage":"AFTER_STEP is failed.","steps":[],"attachments":[],"parameters":[],"shouldDisplayMessage":true,"stepsCount":0,"attachmentsCount":0,"hasContent":true},{"name":"mail.harshitkumarvermaAtgmail.com.stepdef.Hooks.afterStep(io.cucumber.java.Scenario)","time":{"start":1738933786864,"stop":1738933786864,"duration":0},"status":"skipped","statusMessage":"AFTER_STEP is failed.","steps":[],"attachments":[],"parameters":[],"shouldDisplayMessage":true,"stepsCount":0,"attachmentsCount":0,"hasContent":true},{"name":"mail.harshitkumarvermaAtgmail.com.utils.ScenarioHelper.afterScenario()","time":{"start":1738933786864,"stop":1738933786864,"duration":0},"status":"passed","steps":[],"attachments":[],"parameters":[],"shouldDisplayMessage":false,"stepsCount":0,"attachmentsCount":0,"hasContent":false}],"labels":[{"name":"tag","value":"TC01"},{"name":"tag","value":"Test_id_TC02"},{"name":"host","value":"fv-az1283-267"},{"name":"thread","value":"2308@fv-az1283-267.main(1)"},{"name":"feature","value":"Login scenarios"},{"name":"story","value":"User has been locked out"},{"name":"suite","value":"Login scenarios"},{"name":"testClass","value":"User has been locked out"},{"name":"framework","value":"cucumber4jvm"},{"name":"language","value":"java"},{"name":"gherkin_uri","value":"file:///home/runner/work/AutomationSuite/AutomationSuite/src/test/features/Login.feature"},{"name":"package","value":"src.test.features.Login_feature.Login scenarios"},{"name":"resultFormat","value":"allure2"}],"parameters":[],"links":[],"hidden":false,"retry":false,"extra":{"severity":"normal","retries":[],"categories":[{"name":"Test defects","matchedStatuses":[],"flaky":false}],"history":{"statistic":{"failed":0,"broken":1,"skipped":0,"passed":3,"unknown":0,"total":4},"items":[{"uid":"1d0e8f5025d275de","reportUrl":"https://harshitkrverma.github.io/AutomationSuite/41//#testresult/1d0e8f5025d275de","status":"passed","time":{"start":1708024982417,"stop":1708024983437,"duration":1020}},{"uid":"443c4c7a73193268","reportUrl":"https://harshitkrverma.github.io/AutomationSuite/40//#testresult/443c4c7a73193268","status":"passed","time":{"start":1708022478202,"stop":1708022479196,"duration":994}},{"uid":"a5651d6c55418c4f","reportUrl":"https://harshitkrverma.github.io/AutomationSuite/38//#testresult/a5651d6c55418c4f","status":"passed","time":{"start":1708019474441,"stop":1708019475491,"duration":1050}}]},"tags":["Test_id_TC02","TC01"]},"source":"2be42975320d13aa.json","parameterValues":[]}