{"uid":"3040c991d89aadcc","name":"User is able to login with problem_user","fullName":"src/test/features/Login.feature:20","historyId":"1ef100e449490232227a34b65ae80e11","time":{"start":1738933786877,"stop":1738933795219,"duration":8342},"status":"broken","statusMessage":"Could not start a new session. Response code 500. Message: session not created: Chrome failed to start: exited normally.\n  (session not created: DevToolsActivePort file doesn't exist)\n  (The process started from chrome location /home/runner/.cache/selenium/chrome/linux64/121.0.6167.184/chrome is no longer running, so ChromeDriver is assuming that Chrome has crashed.) \nHost info: host: 'fv-az1283-267', ip: '10.1.0.214'\nBuild info: version: '4.16.1', revision: '9b4c83354e'\nSystem info: os.name: 'Linux', os.arch: 'amd64', os.version: '6.8.0-1020-azure', java.version: '11.0.26'\nDriver info: org.openqa.selenium.chrome.ChromeDriver\nCommand: [null, newSession {capabilities=[Capabilities {browserName: chrome, goog:chromeOptions: {args: [--headless], binary: /home/runner/.cache/seleniu..., extensions: []}}]}]","statusTrace":"org.openqa.selenium.SessionNotCreatedException: Could not start a new session. Response code 500. Message: session not created: Chrome failed to start: exited normally.\n  (session not created: DevToolsActivePort file doesn't exist)\n  (The process started from chrome location /home/runner/.cache/selenium/chrome/linux64/121.0.6167.184/chrome is no longer running, so ChromeDriver is assuming that Chrome has crashed.) \nHost info: host: 'fv-az1283-267', ip: '10.1.0.214'\nBuild info: version: '4.16.1', revision: '9b4c83354e'\nSystem info: os.name: 'Linux', os.arch: 'amd64', os.version: '6.8.0-1020-azure', java.version: '11.0.26'\nDriver info: org.openqa.selenium.chrome.ChromeDriver\nCommand: [null, newSession {capabilities=[Capabilities {browserName: chrome, goog:chromeOptions: {args: [--headless], binary: /home/runner/.cache/seleniu..., extensions: []}}]}]\n\tat org.openqa.selenium.remote.ProtocolHandshake.createSession(ProtocolHandshake.java:140)\n\tat org.openqa.selenium.remote.ProtocolHandshake.createSession(ProtocolHandshake.java:96)\n\tat org.openqa.selenium.remote.ProtocolHandshake.createSession(ProtocolHandshake.java:68)\n\tat org.openqa.selenium.remote.HttpCommandExecutor.execute(HttpCommandExecutor.java:163)\n\tat org.openqa.selenium.remote.service.DriverCommandExecutor.invokeExecute(DriverCommandExecutor.java:200)\n\tat org.openqa.selenium.remote.service.DriverCommandExecutor.execute(DriverCommandExecutor.java:175)\n\tat org.openqa.selenium.remote.RemoteWebDriver.execute(RemoteWebDriver.java:523)\n\tat org.openqa.selenium.remote.RemoteWebDriver.startSession(RemoteWebDriver.java:237)\n\tat org.openqa.selenium.remote.RemoteWebDriver.<init>(RemoteWebDriver.java:164)\n\tat org.openqa.selenium.chromium.ChromiumDriver.<init>(ChromiumDriver.java:114)\n\tat org.openqa.selenium.chrome.ChromeDriver.<init>(ChromeDriver.java:89)\n\tat org.openqa.selenium.chrome.ChromeDriver.<init>(ChromeDriver.java:84)\n\tat org.openqa.selenium.chrome.ChromeDriver.<init>(ChromeDriver.java:73)\n\tat mail.harshitkumarvermaAtgmail.com.utils.SeleniumHelper.<init>(SeleniumHelper.java:21)\n\tat mail.harshitkumarvermaAtgmail.com.utils.SeleniumHelper.getWebDriver(SeleniumHelper.java:29)\n\tat mail.harshitkumarvermaAtgmail.com.utils.SeleniumHelper.openURL(SeleniumHelper.java:41)\n\tat mail.harshitkumarvermaAtgmail.com.stepdef.StepDefinitions.givenUserNavigatesToTheLoginPage(StepDefinitions.java:12)\n\tat ✽.User navigates to the login page(file:///home/runner/work/AutomationSuite/AutomationSuite/src/test/features/Login.feature:21)\n","flaky":false,"newFailed":false,"newBroken":true,"newPassed":false,"retriesCount":0,"retriesStatusChange":false,"beforeStages":[{"name":"mail.harshitkumarvermaAtgmail.com.utils.ScenarioHelper.beforeScenario(io.cucumber.java.Scenario)","time":{"start":1738933786877,"stop":1738933786877,"duration":0},"status":"passed","steps":[],"attachments":[],"parameters":[],"shouldDisplayMessage":false,"stepsCount":0,"attachmentsCount":0,"hasContent":false}],"testStage":{"status":"broken","statusMessage":"Could not start a new session. Response code 500. Message: session not created: Chrome failed to start: exited normally.\n  (session not created: DevToolsActivePort file doesn't exist)\n  (The process started from chrome location /home/runner/.cache/selenium/chrome/linux64/121.0.6167.184/chrome is no longer running, so ChromeDriver is assuming that Chrome has crashed.) \nHost info: host: 'fv-az1283-267', ip: '10.1.0.214'\nBuild info: version: '4.16.1', revision: '9b4c83354e'\nSystem info: os.name: 'Linux', os.arch: 'amd64', os.version: '6.8.0-1020-azure', java.version: '11.0.26'\nDriver info: org.openqa.selenium.chrome.ChromeDriver\nCommand: [null, newSession {capabilities=[Capabilities {browserName: chrome, goog:chromeOptions: {args: [--headless], binary: /home/runner/.cache/seleniu..., extensions: []}}]}]","statusTrace":"org.openqa.selenium.SessionNotCreatedException: Could not start a new session. Response code 500. Message: session not created: Chrome failed to start: exited normally.\n  (session not created: DevToolsActivePort file doesn't exist)\n  (The process started from chrome location /home/runner/.cache/selenium/chrome/linux64/121.0.6167.184/chrome is no longer running, so ChromeDriver is assuming that Chrome has crashed.) \nHost info: host: 'fv-az1283-267', ip: '10.1.0.214'\nBuild info: version: '4.16.1', revision: '9b4c83354e'\nSystem info: os.name: 'Linux', os.arch: 'amd64', os.version: '6.8.0-1020-azure', java.version: '11.0.26'\nDriver info: org.openqa.selenium.chrome.ChromeDriver\nCommand: [null, newSession {capabilities=[Capabilities {browserName: chrome, goog:chromeOptions: {args: [--headless], binary: /home/runner/.cache/seleniu..., extensions: []}}]}]\n\tat org.openqa.selenium.remote.ProtocolHandshake.createSession(ProtocolHandshake.java:140)\n\tat org.openqa.selenium.remote.ProtocolHandshake.createSession(ProtocolHandshake.java:96)\n\tat org.openqa.selenium.remote.ProtocolHandshake.createSession(ProtocolHandshake.java:68)\n\tat org.openqa.selenium.remote.HttpCommandExecutor.execute(HttpCommandExecutor.java:163)\n\tat org.openqa.selenium.remote.service.DriverCommandExecutor.invokeExecute(DriverCommandExecutor.java:200)\n\tat org.openqa.selenium.remote.service.DriverCommandExecutor.execute(DriverCommandExecutor.java:175)\n\tat org.openqa.selenium.remote.RemoteWebDriver.execute(RemoteWebDriver.java:523)\n\tat org.openqa.selenium.remote.RemoteWebDriver.startSession(RemoteWebDriver.java:237)\n\tat org.openqa.selenium.remote.RemoteWebDriver.<init>(RemoteWebDriver.java:164)\n\tat org.openqa.selenium.chromium.ChromiumDriver.<init>(ChromiumDriver.java:114)\n\tat org.openqa.selenium.chrome.ChromeDriver.<init>(ChromeDriver.java:89)\n\tat org.openqa.selenium.chrome.ChromeDriver.<init>(ChromeDriver.java:84)\n\tat org.openqa.selenium.chrome.ChromeDriver.<init>(ChromeDriver.java:73)\n\tat mail.harshitkumarvermaAtgmail.com.utils.SeleniumHelper.<init>(SeleniumHelper.java:21)\n\tat mail.harshitkumarvermaAtgmail.com.utils.SeleniumHelper.getWebDriver(SeleniumHelper.java:29)\n\tat mail.harshitkumarvermaAtgmail.com.utils.SeleniumHelper.openURL(SeleniumHelper.java:41)\n\tat mail.harshitkumarvermaAtgmail.com.stepdef.StepDefinitions.givenUserNavigatesToTheLoginPage(StepDefinitions.java:12)\n\tat ✽.User navigates to the login page(file:///home/runner/work/AutomationSuite/AutomationSuite/src/test/features/Login.feature:21)\n","steps":[{"name":"Given  User navigates to the login page","time":{"start":1738933786878,"stop":1738933791050,"duration":4172},"status":"broken","statusMessage":"Could not start a new session. Response code 500. Message: session not created: Chrome failed to start: exited normally.\n  (session not created: DevToolsActivePort file doesn't exist)\n  (The process started from chrome location /home/runner/.cache/selenium/chrome/linux64/121.0.6167.184/chrome is no longer running, so ChromeDriver is assuming that Chrome has crashed.) \nHost info: host: 'fv-az1283-267', ip: '10.1.0.214'\nBuild info: version: '4.16.1', revision: '9b4c83354e'\nSystem info: os.name: 'Linux', os.arch: 'amd64', os.version: '6.8.0-1020-azure', java.version: '11.0.26'\nDriver info: org.openqa.selenium.chrome.ChromeDriver\nCommand: [null, newSession {capabilities=[Capabilities {browserName: chrome, goog:chromeOptions: {args: [--headless], binary: /home/runner/.cache/seleniu..., extensions: []}}]}]","statusTrace":"org.openqa.selenium.SessionNotCreatedException: Could not start a new session. Response code 500. Message: session not created: Chrome failed to start: exited normally.\n  (session not created: DevToolsActivePort file doesn't exist)\n  (The process started from chrome location /home/runner/.cache/selenium/chrome/linux64/121.0.6167.184/chrome is no longer running, so ChromeDriver is assuming that Chrome has crashed.) \nHost info: host: 'fv-az1283-267', ip: '10.1.0.214'\nBuild info: version: '4.16.1', revision: '9b4c83354e'\nSystem info: os.name: 'Linux', os.arch: 'amd64', os.version: '6.8.0-1020-azure', java.version: '11.0.26'\nDriver info: org.openqa.selenium.chrome.ChromeDriver\nCommand: [null, newSession {capabilities=[Capabilities {browserName: chrome, goog:chromeOptions: {args: [--headless], binary: /home/runner/.cache/seleniu..., extensions: []}}]}]\n\tat org.openqa.selenium.remote.ProtocolHandshake.createSession(ProtocolHandshake.java:140)\n\tat org.openqa.selenium.remote.ProtocolHandshake.createSession(ProtocolHandshake.java:96)\n\tat org.openqa.selenium.remote.ProtocolHandshake.createSession(ProtocolHandshake.java:68)\n\tat org.openqa.selenium.remote.HttpCommandExecutor.execute(HttpCommandExecutor.java:163)\n\tat org.openqa.selenium.remote.service.DriverCommandExecutor.invokeExecute(DriverCommandExecutor.java:200)\n\tat org.openqa.selenium.remote.service.DriverCommandExecutor.execute(DriverCommandExecutor.java:175)\n\tat org.openqa.selenium.remote.RemoteWebDriver.execute(RemoteWebDriver.java:523)\n\tat org.openqa.selenium.remote.RemoteWebDriver.startSession(RemoteWebDriver.java:237)\n\tat org.openqa.selenium.remote.RemoteWebDriver.<init>(RemoteWebDriver.java:164)\n\tat org.openqa.selenium.chromium.ChromiumDriver.<init>(ChromiumDriver.java:114)\n\tat org.openqa.selenium.chrome.ChromeDriver.<init>(ChromeDriver.java:89)\n\tat org.openqa.selenium.chrome.ChromeDriver.<init>(ChromeDriver.java:84)\n\tat org.openqa.selenium.chrome.ChromeDriver.<init>(ChromeDriver.java:73)\n\tat mail.harshitkumarvermaAtgmail.com.utils.SeleniumHelper.<init>(SeleniumHelper.java:21)\n\tat mail.harshitkumarvermaAtgmail.com.utils.SeleniumHelper.getWebDriver(SeleniumHelper.java:29)\n\tat mail.harshitkumarvermaAtgmail.com.utils.SeleniumHelper.openURL(SeleniumHelper.java:41)\n\tat mail.harshitkumarvermaAtgmail.com.stepdef.StepDefinitions.givenUserNavigatesToTheLoginPage(StepDefinitions.java:12)\n\tat ✽.User navigates to the login page(file:///home/runner/work/AutomationSuite/AutomationSuite/src/test/features/Login.feature:21)\n","steps":[],"attachments":[],"parameters":[],"shouldDisplayMessage":true,"stepsCount":0,"attachmentsCount":0,"hasContent":true},{"name":"Then  User Enters \"username\" in field \"HomePageLocators.userName\"","time":{"start":1738933795211,"stop":1738933795212,"duration":1},"status":"skipped","steps":[],"attachments":[],"parameters":[],"shouldDisplayMessage":false,"stepsCount":0,"attachmentsCount":0,"hasContent":false},{"name":"Then  User Enters \"password\" in field \"HomePageLocators.password\"","time":{"start":1738933795213,"stop":1738933795213,"duration":0},"status":"skipped","steps":[],"attachments":[],"parameters":[],"shouldDisplayMessage":false,"stepsCount":0,"attachmentsCount":0,"hasContent":false},{"name":"Then  User Clicks on \"HomePageLocators.loginButton\"","time":{"start":1738933795214,"stop":1738933795214,"duration":0},"status":"skipped","steps":[],"attachments":[],"parameters":[],"shouldDisplayMessage":false,"stepsCount":0,"attachmentsCount":0,"hasContent":false},{"name":"Then  User verifies \"Swag Labs\" text is present at \"HomePageLocators.banner\"","time":{"start":1738933795215,"stop":1738933795216,"duration":1},"status":"skipped","steps":[],"attachments":[],"parameters":[],"shouldDisplayMessage":false,"stepsCount":0,"attachmentsCount":0,"hasContent":false}],"attachments":[],"parameters":[],"shouldDisplayMessage":false,"stepsCount":5,"attachmentsCount":0,"hasContent":true},"afterStages":[{"name":"mail.harshitkumarvermaAtgmail.com.stepdef.Hooks.afterStep(io.cucumber.java.Scenario)","time":{"start":1738933791052,"stop":1738933795211,"duration":4159},"status":"passed","steps":[],"attachments":[],"parameters":[],"shouldDisplayMessage":false,"stepsCount":0,"attachmentsCount":0,"hasContent":false},{"name":"mail.harshitkumarvermaAtgmail.com.stepdef.Hooks.afterStep(io.cucumber.java.Scenario)","time":{"start":1738933795212,"stop":1738933795212,"duration":0},"status":"skipped","statusMessage":"AFTER_STEP is failed.","steps":[],"attachments":[],"parameters":[],"shouldDisplayMessage":true,"stepsCount":0,"attachmentsCount":0,"hasContent":true},{"name":"mail.harshitkumarvermaAtgmail.com.stepdef.Hooks.afterStep(io.cucumber.java.Scenario)","time":{"start":1738933795213,"stop":1738933795214,"duration":1},"status":"skipped","statusMessage":"AFTER_STEP is failed.","steps":[],"attachments":[],"parameters":[],"shouldDisplayMessage":true,"stepsCount":0,"attachmentsCount":0,"hasContent":true},{"name":"mail.harshitkumarvermaAtgmail.com.stepdef.Hooks.afterStep(io.cucumber.java.Scenario)","time":{"start":1738933795215,"stop":1738933795215,"duration":0},"status":"skipped","statusMessage":"AFTER_STEP is failed.","steps":[],"attachments":[],"parameters":[],"shouldDisplayMessage":true,"stepsCount":0,"attachmentsCount":0,"hasContent":true},{"name":"mail.harshitkumarvermaAtgmail.com.stepdef.Hooks.afterStep(io.cucumber.java.Scenario)","time":{"start":1738933795216,"stop":1738933795216,"duration":0},"status":"skipped","statusMessage":"AFTER_STEP is failed.","steps":[],"attachments":[],"parameters":[],"shouldDisplayMessage":true,"stepsCount":0,"attachmentsCount":0,"hasContent":true},{"name":"mail.harshitkumarvermaAtgmail.com.utils.ScenarioHelper.afterScenario()","time":{"start":1738933795216,"stop":1738933795216,"duration":0},"status":"passed","steps":[],"attachments":[],"parameters":[],"shouldDisplayMessage":false,"stepsCount":0,"attachmentsCount":0,"hasContent":false}],"labels":[{"name":"tag","value":"TC01"},{"name":"tag","value":"Test_id_TC03"},{"name":"host","value":"fv-az1283-267"},{"name":"thread","value":"2308@fv-az1283-267.main(1)"},{"name":"feature","value":"Login scenarios"},{"name":"story","value":"User is able to login with problem_user"},{"name":"suite","value":"Login scenarios"},{"name":"testClass","value":"User is able to login with problem_user"},{"name":"framework","value":"cucumber4jvm"},{"name":"language","value":"java"},{"name":"gherkin_uri","value":"file:///home/runner/work/AutomationSuite/AutomationSuite/src/test/features/Login.feature"},{"name":"package","value":"src.test.features.Login_feature.Login scenarios"},{"name":"resultFormat","value":"allure2"}],"parameters":[],"links":[],"hidden":false,"retry":false,"extra":{"severity":"normal","retries":[],"categories":[{"name":"Test defects","matchedStatuses":[],"flaky":false}],"history":{"statistic":{"failed":0,"broken":1,"skipped":0,"passed":3,"unknown":0,"total":4},"items":[{"uid":"43c43eb66d2598c9","reportUrl":"https://harshitkrverma.github.io/AutomationSuite/41//#testresult/43c43eb66d2598c9","status":"passed","time":{"start":1708024983444,"stop":1708024984483,"duration":1039}},{"uid":"b0398847473b755e","reportUrl":"https://harshitkrverma.github.io/AutomationSuite/40//#testresult/b0398847473b755e","status":"passed","time":{"start":1708022479203,"stop":1708022480258,"duration":1055}},{"uid":"ee5189d5285c6b27","reportUrl":"https://harshitkrverma.github.io/AutomationSuite/38//#testresult/ee5189d5285c6b27","status":"passed","time":{"start":1708019475497,"stop":1708019476554,"duration":1057}}]},"tags":["Test_id_TC03","TC01"]},"source":"3040c991d89aadcc.json","parameterValues":[]}