{"uid":"b974295a4da820a7","name":"User is able to login","fullName":"src/test/features/Login.feature:4","historyId":"baccdb8a8eb8260bc793a75b7dd2a660","time":{"start":1738933756241,"stop":1738933778363,"duration":22122},"status":"broken","statusMessage":"Could not start a new session. Response code 500. Message: session not created: Chrome failed to start: exited normally.\n  (session not created: DevToolsActivePort file doesn't exist)\n  (The process started from chrome location /home/runner/.cache/selenium/chrome/linux64/121.0.6167.184/chrome is no longer running, so ChromeDriver is assuming that Chrome has crashed.) \nHost info: host: 'fv-az1283-267', ip: '10.1.0.214'\nBuild info: version: '4.16.1', revision: '9b4c83354e'\nSystem info: os.name: 'Linux', os.arch: 'amd64', os.version: '6.8.0-1020-azure', java.version: '11.0.26'\nDriver info: org.openqa.selenium.chrome.ChromeDriver\nCommand: [null, newSession {capabilities=[Capabilities {browserName: chrome, goog:chromeOptions: {args: [--headless], binary: /home/runner/.cache/seleniu..., extensions: []}}]}]","statusTrace":"org.openqa.selenium.SessionNotCreatedException: Could not start a new session. Response code 500. Message: session not created: Chrome failed to start: exited normally.\n  (session not created: DevToolsActivePort file doesn't exist)\n  (The process started from chrome location /home/runner/.cache/selenium/chrome/linux64/121.0.6167.184/chrome is no longer running, so ChromeDriver is assuming that Chrome has crashed.) \nHost info: host: 'fv-az1283-267', ip: '10.1.0.214'\nBuild info: version: '4.16.1', revision: '9b4c83354e'\nSystem info: os.name: 'Linux', os.arch: 'amd64', os.version: '6.8.0-1020-azure', java.version: '11.0.26'\nDriver info: org.openqa.selenium.chrome.ChromeDriver\nCommand: [null, newSession {capabilities=[Capabilities {browserName: chrome, goog:chromeOptions: {args: [--headless], binary: /home/runner/.cache/seleniu..., extensions: []}}]}]\n\tat org.openqa.selenium.remote.ProtocolHandshake.createSession(ProtocolHandshake.java:140)\n\tat org.openqa.selenium.remote.ProtocolHandshake.createSession(ProtocolHandshake.java:96)\n\tat org.openqa.selenium.remote.ProtocolHandshake.createSession(ProtocolHandshake.java:68)\n\tat org.openqa.selenium.remote.HttpCommandExecutor.execute(HttpCommandExecutor.java:163)\n\tat org.openqa.selenium.remote.service.DriverCommandExecutor.invokeExecute(DriverCommandExecutor.java:200)\n\tat org.openqa.selenium.remote.service.DriverCommandExecutor.execute(DriverCommandExecutor.java:175)\n\tat org.openqa.selenium.remote.RemoteWebDriver.execute(RemoteWebDriver.java:523)\n\tat org.openqa.selenium.remote.RemoteWebDriver.startSession(RemoteWebDriver.java:237)\n\tat org.openqa.selenium.remote.RemoteWebDriver.<init>(RemoteWebDriver.java:164)\n\tat org.openqa.selenium.chromium.ChromiumDriver.<init>(ChromiumDriver.java:114)\n\tat org.openqa.selenium.chrome.ChromeDriver.<init>(ChromeDriver.java:89)\n\tat org.openqa.selenium.chrome.ChromeDriver.<init>(ChromeDriver.java:84)\n\tat org.openqa.selenium.chrome.ChromeDriver.<init>(ChromeDriver.java:73)\n\tat mail.harshitkumarvermaAtgmail.com.utils.SeleniumHelper.<init>(SeleniumHelper.java:21)\n\tat mail.harshitkumarvermaAtgmail.com.utils.SeleniumHelper.getWebDriver(SeleniumHelper.java:29)\n\tat mail.harshitkumarvermaAtgmail.com.utils.SeleniumHelper.openURL(SeleniumHelper.java:41)\n\tat mail.harshitkumarvermaAtgmail.com.stepdef.StepDefinitions.givenUserNavigatesToTheLoginPage(StepDefinitions.java:12)\n\tat ✽.User navigates to the login page(file:///home/runner/work/AutomationSuite/AutomationSuite/src/test/features/Login.feature:5)\n","flaky":false,"newFailed":false,"newBroken":true,"newPassed":false,"retriesCount":0,"retriesStatusChange":false,"beforeStages":[{"name":"mail.harshitkumarvermaAtgmail.com.utils.ScenarioHelper.beforeScenario(io.cucumber.java.Scenario)","time":{"start":1738933756255,"stop":1738933756257,"duration":2},"status":"passed","steps":[],"attachments":[],"parameters":[],"shouldDisplayMessage":false,"stepsCount":0,"attachmentsCount":0,"hasContent":false}],"testStage":{"status":"broken","statusMessage":"Could not start a new session. Response code 500. Message: session not created: Chrome failed to start: exited normally.\n  (session not created: DevToolsActivePort file doesn't exist)\n  (The process started from chrome location /home/runner/.cache/selenium/chrome/linux64/121.0.6167.184/chrome is no longer running, so ChromeDriver is assuming that Chrome has crashed.) \nHost info: host: 'fv-az1283-267', ip: '10.1.0.214'\nBuild info: version: '4.16.1', revision: '9b4c83354e'\nSystem info: os.name: 'Linux', os.arch: 'amd64', os.version: '6.8.0-1020-azure', java.version: '11.0.26'\nDriver info: org.openqa.selenium.chrome.ChromeDriver\nCommand: [null, newSession {capabilities=[Capabilities {browserName: chrome, goog:chromeOptions: {args: [--headless], binary: /home/runner/.cache/seleniu..., extensions: []}}]}]","statusTrace":"org.openqa.selenium.SessionNotCreatedException: Could not start a new session. Response code 500. Message: session not created: Chrome failed to start: exited normally.\n  (session not created: DevToolsActivePort file doesn't exist)\n  (The process started from chrome location /home/runner/.cache/selenium/chrome/linux64/121.0.6167.184/chrome is no longer running, so ChromeDriver is assuming that Chrome has crashed.) \nHost info: host: 'fv-az1283-267', ip: '10.1.0.214'\nBuild info: version: '4.16.1', revision: '9b4c83354e'\nSystem info: os.name: 'Linux', os.arch: 'amd64', os.version: '6.8.0-1020-azure', java.version: '11.0.26'\nDriver info: org.openqa.selenium.chrome.ChromeDriver\nCommand: [null, newSession {capabilities=[Capabilities {browserName: chrome, goog:chromeOptions: {args: [--headless], binary: /home/runner/.cache/seleniu..., extensions: []}}]}]\n\tat org.openqa.selenium.remote.ProtocolHandshake.createSession(ProtocolHandshake.java:140)\n\tat org.openqa.selenium.remote.ProtocolHandshake.createSession(ProtocolHandshake.java:96)\n\tat org.openqa.selenium.remote.ProtocolHandshake.createSession(ProtocolHandshake.java:68)\n\tat org.openqa.selenium.remote.HttpCommandExecutor.execute(HttpCommandExecutor.java:163)\n\tat org.openqa.selenium.remote.service.DriverCommandExecutor.invokeExecute(DriverCommandExecutor.java:200)\n\tat org.openqa.selenium.remote.service.DriverCommandExecutor.execute(DriverCommandExecutor.java:175)\n\tat org.openqa.selenium.remote.RemoteWebDriver.execute(RemoteWebDriver.java:523)\n\tat org.openqa.selenium.remote.RemoteWebDriver.startSession(RemoteWebDriver.java:237)\n\tat org.openqa.selenium.remote.RemoteWebDriver.<init>(RemoteWebDriver.java:164)\n\tat org.openqa.selenium.chromium.ChromiumDriver.<init>(ChromiumDriver.java:114)\n\tat org.openqa.selenium.chrome.ChromeDriver.<init>(ChromeDriver.java:89)\n\tat org.openqa.selenium.chrome.ChromeDriver.<init>(ChromeDriver.java:84)\n\tat org.openqa.selenium.chrome.ChromeDriver.<init>(ChromeDriver.java:73)\n\tat mail.harshitkumarvermaAtgmail.com.utils.SeleniumHelper.<init>(SeleniumHelper.java:21)\n\tat mail.harshitkumarvermaAtgmail.com.utils.SeleniumHelper.getWebDriver(SeleniumHelper.java:29)\n\tat mail.harshitkumarvermaAtgmail.com.utils.SeleniumHelper.openURL(SeleniumHelper.java:41)\n\tat mail.harshitkumarvermaAtgmail.com.stepdef.StepDefinitions.givenUserNavigatesToTheLoginPage(StepDefinitions.java:12)\n\tat ✽.User navigates to the login page(file:///home/runner/work/AutomationSuite/AutomationSuite/src/test/features/Login.feature:5)\n","steps":[{"name":"Given  User navigates to the login page","time":{"start":1738933756259,"stop":1738933774147,"duration":17888},"status":"broken","statusMessage":"Could not start a new session. Response code 500. Message: session not created: Chrome failed to start: exited normally.\n  (session not created: DevToolsActivePort file doesn't exist)\n  (The process started from chrome location /home/runner/.cache/selenium/chrome/linux64/121.0.6167.184/chrome is no longer running, so ChromeDriver is assuming that Chrome has crashed.) \nHost info: host: 'fv-az1283-267', ip: '10.1.0.214'\nBuild info: version: '4.16.1', revision: '9b4c83354e'\nSystem info: os.name: 'Linux', os.arch: 'amd64', os.version: '6.8.0-1020-azure', java.version: '11.0.26'\nDriver info: org.openqa.selenium.chrome.ChromeDriver\nCommand: [null, newSession {capabilities=[Capabilities {browserName: chrome, goog:chromeOptions: {args: [--headless], binary: /home/runner/.cache/seleniu..., extensions: []}}]}]","statusTrace":"org.openqa.selenium.SessionNotCreatedException: Could not start a new session. Response code 500. Message: session not created: Chrome failed to start: exited normally.\n  (session not created: DevToolsActivePort file doesn't exist)\n  (The process started from chrome location /home/runner/.cache/selenium/chrome/linux64/121.0.6167.184/chrome is no longer running, so ChromeDriver is assuming that Chrome has crashed.) \nHost info: host: 'fv-az1283-267', ip: '10.1.0.214'\nBuild info: version: '4.16.1', revision: '9b4c83354e'\nSystem info: os.name: 'Linux', os.arch: 'amd64', os.version: '6.8.0-1020-azure', java.version: '11.0.26'\nDriver info: org.openqa.selenium.chrome.ChromeDriver\nCommand: [null, newSession {capabilities=[Capabilities {browserName: chrome, goog:chromeOptions: {args: [--headless], binary: /home/runner/.cache/seleniu..., extensions: []}}]}]\n\tat org.openqa.selenium.remote.ProtocolHandshake.createSession(ProtocolHandshake.java:140)\n\tat org.openqa.selenium.remote.ProtocolHandshake.createSession(ProtocolHandshake.java:96)\n\tat org.openqa.selenium.remote.ProtocolHandshake.createSession(ProtocolHandshake.java:68)\n\tat org.openqa.selenium.remote.HttpCommandExecutor.execute(HttpCommandExecutor.java:163)\n\tat org.openqa.selenium.remote.service.DriverCommandExecutor.invokeExecute(DriverCommandExecutor.java:200)\n\tat org.openqa.selenium.remote.service.DriverCommandExecutor.execute(DriverCommandExecutor.java:175)\n\tat org.openqa.selenium.remote.RemoteWebDriver.execute(RemoteWebDriver.java:523)\n\tat org.openqa.selenium.remote.RemoteWebDriver.startSession(RemoteWebDriver.java:237)\n\tat org.openqa.selenium.remote.RemoteWebDriver.<init>(RemoteWebDriver.java:164)\n\tat org.openqa.selenium.chromium.ChromiumDriver.<init>(ChromiumDriver.java:114)\n\tat org.openqa.selenium.chrome.ChromeDriver.<init>(ChromeDriver.java:89)\n\tat org.openqa.selenium.chrome.ChromeDriver.<init>(ChromeDriver.java:84)\n\tat org.openqa.selenium.chrome.ChromeDriver.<init>(ChromeDriver.java:73)\n\tat mail.harshitkumarvermaAtgmail.com.utils.SeleniumHelper.<init>(SeleniumHelper.java:21)\n\tat mail.harshitkumarvermaAtgmail.com.utils.SeleniumHelper.getWebDriver(SeleniumHelper.java:29)\n\tat mail.harshitkumarvermaAtgmail.com.utils.SeleniumHelper.openURL(SeleniumHelper.java:41)\n\tat mail.harshitkumarvermaAtgmail.com.stepdef.StepDefinitions.givenUserNavigatesToTheLoginPage(StepDefinitions.java:12)\n\tat ✽.User navigates to the login page(file:///home/runner/work/AutomationSuite/AutomationSuite/src/test/features/Login.feature:5)\n","steps":[],"attachments":[],"parameters":[],"shouldDisplayMessage":true,"stepsCount":0,"attachmentsCount":0,"hasContent":true},{"name":"Then  User Enters \"username\" in field \"HomePageLocators.userName\"","time":{"start":1738933778338,"stop":1738933778341,"duration":3},"status":"skipped","steps":[],"attachments":[],"parameters":[],"shouldDisplayMessage":false,"stepsCount":0,"attachmentsCount":0,"hasContent":false},{"name":"Then  User Enters \"password\" in field \"HomePageLocators.password\"","time":{"start":1738933778342,"stop":1738933778343,"duration":1},"status":"skipped","steps":[],"attachments":[],"parameters":[],"shouldDisplayMessage":false,"stepsCount":0,"attachmentsCount":0,"hasContent":false},{"name":"Then  User Clicks on \"HomePageLocators.loginButton\"","time":{"start":1738933778350,"stop":1738933778351,"duration":1},"status":"skipped","steps":[],"attachments":[],"parameters":[],"shouldDisplayMessage":false,"stepsCount":0,"attachmentsCount":0,"hasContent":false},{"name":"Then  User verifies \"Swag Labs\" text is present at \"HomePageLocators.banner\"","time":{"start":1738933778351,"stop":1738933778352,"duration":1},"status":"skipped","steps":[],"attachments":[],"parameters":[],"shouldDisplayMessage":false,"stepsCount":0,"attachmentsCount":0,"hasContent":false}],"attachments":[],"parameters":[],"shouldDisplayMessage":false,"stepsCount":5,"attachmentsCount":0,"hasContent":true},"afterStages":[{"name":"mail.harshitkumarvermaAtgmail.com.stepdef.Hooks.afterStep(io.cucumber.java.Scenario)","time":{"start":1738933774154,"stop":1738933778328,"duration":4174},"status":"passed","steps":[],"attachments":[],"parameters":[],"shouldDisplayMessage":false,"stepsCount":0,"attachmentsCount":0,"hasContent":false},{"name":"mail.harshitkumarvermaAtgmail.com.stepdef.Hooks.afterStep(io.cucumber.java.Scenario)","time":{"start":1738933778341,"stop":1738933778342,"duration":1},"status":"skipped","statusMessage":"AFTER_STEP is failed.","steps":[],"attachments":[],"parameters":[],"shouldDisplayMessage":true,"stepsCount":0,"attachmentsCount":0,"hasContent":true},{"name":"mail.harshitkumarvermaAtgmail.com.stepdef.Hooks.afterStep(io.cucumber.java.Scenario)","time":{"start":1738933778349,"stop":1738933778349,"duration":0},"status":"skipped","statusMessage":"AFTER_STEP is failed.","steps":[],"attachments":[],"parameters":[],"shouldDisplayMessage":true,"stepsCount":0,"attachmentsCount":0,"hasContent":true},{"name":"mail.harshitkumarvermaAtgmail.com.stepdef.Hooks.afterStep(io.cucumber.java.Scenario)","time":{"start":1738933778351,"stop":1738933778351,"duration":0},"status":"skipped","statusMessage":"AFTER_STEP is failed.","steps":[],"attachments":[],"parameters":[],"shouldDisplayMessage":true,"stepsCount":0,"attachmentsCount":0,"hasContent":true},{"name":"mail.harshitkumarvermaAtgmail.com.stepdef.Hooks.afterStep(io.cucumber.java.Scenario)","time":{"start":1738933778352,"stop":1738933778353,"duration":1},"status":"skipped","statusMessage":"AFTER_STEP is failed.","steps":[],"attachments":[],"parameters":[],"shouldDisplayMessage":true,"stepsCount":0,"attachmentsCount":0,"hasContent":true},{"name":"mail.harshitkumarvermaAtgmail.com.utils.ScenarioHelper.afterScenario()","time":{"start":1738933778353,"stop":1738933778354,"duration":1},"status":"passed","steps":[],"attachments":[],"parameters":[],"shouldDisplayMessage":false,"stepsCount":0,"attachmentsCount":0,"hasContent":false}],"labels":[{"name":"tag","value":"TC01"},{"name":"tag","value":"Test_id_TC01"},{"name":"host","value":"fv-az1283-267"},{"name":"thread","value":"2308@fv-az1283-267.main(1)"},{"name":"feature","value":"Login scenarios"},{"name":"story","value":"User is able to login"},{"name":"suite","value":"Login scenarios"},{"name":"testClass","value":"User is able to login"},{"name":"framework","value":"cucumber4jvm"},{"name":"language","value":"java"},{"name":"gherkin_uri","value":"file:///home/runner/work/AutomationSuite/AutomationSuite/src/test/features/Login.feature"},{"name":"package","value":"src.test.features.Login_feature.Login scenarios"},{"name":"resultFormat","value":"allure2"}],"parameters":[],"links":[],"hidden":false,"retry":false,"extra":{"severity":"normal","retries":[],"categories":[{"name":"Test defects","matchedStatuses":[],"flaky":false}],"history":{"statistic":{"failed":0,"broken":1,"skipped":0,"passed":3,"unknown":0,"total":4},"items":[{"uid":"761d9caec069bf34","reportUrl":"https://harshitkrverma.github.io/AutomationSuite/41//#testresult/761d9caec069bf34","status":"passed","time":{"start":1708024978711,"stop":1708024982370,"duration":3659}},{"uid":"b43c260eb77b76f","reportUrl":"https://harshitkrverma.github.io/AutomationSuite/40//#testresult/b43c260eb77b76f","status":"passed","time":{"start":1708022475104,"stop":1708022478145,"duration":3041}},{"uid":"6a367378794cd04a","reportUrl":"https://harshitkrverma.github.io/AutomationSuite/38//#testresult/6a367378794cd04a","status":"passed","time":{"start":1708019470610,"stop":1708019474389,"duration":3779}}]},"tags":["TC01","Test_id_TC01"]},"source":"b974295a4da820a7.json","parameterValues":[]}